[0914/175134.718:ERROR:audio_rtp_receiver.cc(89)] AudioRtpReceiver::OnSetVolume: No audio channel exists.
[0914/175134.719:WARNING:used_ids.h(55)] Duplicate id found. Reassigning from 104 to 127
[0914/175134.719:WARNING:used_ids.h(55)] Duplicate id found. Reassigning from 103 to 125
[0914/175134.719:WARNING:used_ids.h(55)] Duplicate id found. Reassigning from 1 to 14
[0914/175134.719:WARNING:used_ids.h(55)] Duplicate id found. Reassigning from 3 to 13
[0914/175134.719:WARNING:used_ids.h(55)] Duplicate id found. Reassigning from 5 to 12
[0914/175134.719:WARNING:used_ids.h(55)] Duplicate id found. Reassigning from 6 to 11
[0914/175142.759:WARNING:used_ids.h(55)] Duplicate id found. Reassigning from 104 to 127
[0914/175142.759:WARNING:used_ids.h(55)] Duplicate id found. Reassigning from 102 to 125
[0914/175142.762:WARNING:used_ids.h(55)] Duplicate id found. Reassigning from 104 to 124
[0914/175142.762:WARNING:used_ids.h(55)] Duplicate id found. Reassigning from 106 to 123
[0914/175142.762:WARNING:used_ids.h(55)] Duplicate id found. Reassigning from 103 to 122
[0914/175142.762:WARNING:used_ids.h(55)] Duplicate id found. Reassigning from 105 to 121
[0914/175142.762:WARNING:used_ids.h(55)] Duplicate id found. Reassigning from 109 to 120
[0914/175142.762:WARNING:used_ids.h(55)] Duplicate id found. Reassigning from 1 to 14
[0914/175142.762:WARNING:used_ids.h(55)] Duplicate id found. Reassigning from 3 to 13
[0914/175142.762:WARNING:used_ids.h(55)] Duplicate id found. Reassigning from 5 to 12
[0914/175142.762:WARNING:used_ids.h(55)] Duplicate id found. Reassigning from 6 to 11
[0914/175142.762:ERROR:audio_rtp_receiver.cc(89)] AudioRtpReceiver::OnSetVolume: No audio channel exists.
[0914/175150.956:ERROR:audio_rtp_receiver.cc(89)] AudioRtpReceiver::OnSetVolume: No audio channel exists.
[0914/175150.956:WARNING:used_ids.h(55)] Duplicate id found. Reassigning from 104 to 127
[0914/175150.956:WARNING:used_ids.h(55)] Duplicate id found. Reassigning from 102 to 125
[0914/175150.956:WARNING:used_ids.h(55)] Duplicate id found. Reassigning from 104 to 124
[0914/175150.956:WARNING:used_ids.h(55)] Duplicate id found. Reassigning from 106 to 123
[0914/175150.956:WARNING:used_ids.h(55)] Duplicate id found. Reassigning from 103 to 122
[0914/175150.956:WARNING:used_ids.h(55)] Duplicate id found. Reassigning from 105 to 121
[0914/175150.956:WARNING:used_ids.h(55)] Duplicate id found. Reassigning from 109 to 120
[0914/175150.956:WARNING:used_ids.h(55)] Duplicate id found. Reassigning from 1 to 14
[0914/175150.956:WARNING:used_ids.h(55)] Duplicate id found. Reassigning from 3 to 13
[0914/175150.956:WARNING:used_ids.h(55)] Duplicate id found. Reassigning from 5 to 12
[0914/175150.956:WARNING:used_ids.h(55)] Duplicate id found. Reassigning from 6 to 11
[0914/175157.023:ERROR:batching_media_log.cc(38)] MediaEvent: {"error":"FFmpegDemuxer: no supported streams"}
[0914/175157.023:ERROR:batching_media_log.cc(35)] MediaEvent: {"pipeline_error":14}
[0914/175157.063:ERROR:batching_media_log.cc(38)] MediaEvent: {"error":"FFmpegDemuxer: no supported streams"}
[0914/175157.064:ERROR:batching_media_log.cc(35)] MediaEvent: {"pipeline_error":14}
[0914/175157.586:WARNING:spdy_session.cc(3365)] Received HEADERS for invalid stream 125
[0923/160522.990:ERROR:batching_media_log.cc(38)] MediaEvent: {"error":"FFmpegDemuxer: no supported streams"}
[0923/160522.991:ERROR:batching_media_log.cc(38)] MediaEvent: {"error":"FFmpegDemuxer: no supported streams"}
[0923/160522.991:ERROR:batching_media_log.cc(35)] MediaEvent: {"pipeline_error":14}
[0923/160522.992:ERROR:batching_media_log.cc(35)] MediaEvent: {"pipeline_error":14}
[0923/171608.755:WARNING:dns_config_service_win.cc(700)] Failed to read DnsConfig.
[0923/171608.755:WARNING:dns_config_service_win.cc(700)] Failed to read DnsConfig.
[0923/171613.758:WARNING:dns_config_service_win.cc(700)] Failed to read DnsConfig.
[0923/171613.767:WARNING:dns_config_service_win.cc(700)] Failed to read DnsConfig.
